#
# A fatal error has been detected by the Java Runtime Environment:
#
#  Internal Error (javaClasses.cpp:127), pid=3776, tid=3988
#  fatal error: Invalid layout of preloaded class
#
# JRE version:  (8.0_45-b15) (build )
# Java VM: Java HotSpot(TM) 64-Bit Server VM (25.45-b02 mixed mode windows-amd64 compressed oops)
# Failed to write core dump. Minidumps are not enabled by default on client versions of Windows
#
# If you would like to submit a bug report, please visit:
#   http://bugreport.java.com/bugreport/crash.jsp
#

---------------  T H R E A D  ---------------

Current thread (0x00000000021c0800):  JavaThread "Unknown thread" [_thread_in_vm, id=3988, stack(0x00000000020c0000,0x00000000021c0000)]

Stack: [0x00000000020c0000,0x00000000021c0000]
[error occurred during error reporting (printing stack bounds), id 0xc0000005]

Native frames: (J=compiled Java code, j=interpreted, Vv=VM code, C=native code)
V  [jvm.dll+0x32b57a]
V  [jvm.dll+0x279873]
V  [jvm.dll+0x27a509]
V  [jvm.dll+0x29aa24]
C  [KERNELBASE.dll+0xdcfc6]
C  [ntdll.dll+0xa6b14]
C  [ntdll.dll+0x8831f]
C  [ntdll.dll+0x9921d]
C  [ntdll.dll+0x55b5b]
C  [ntdll.dll+0x983de]
V  [jvm.dll+0x21bcd1]


---------------  P R O C E S S  ---------------

Java Threads: ( => current thread )

Other Threads:

=>0x00000000021c0800 (exited) JavaThread "Unknown thread" [_thread_in_vm, id=3988, stack(0x00000000020c0000,0x00000000021c0000)]

VM state:not at safepoint (not fully initialized)

VM Mutex/Monitor currently owned by a thread: None

GC Heap History (0 events):
No events

Deoptimization events (0 events):
No events

Internal exceptions (0 events):
No events

Events (10 events):
Event: 0.017 loading class java/lang/CharSequence done
Event: 0.017 loading class java/lang/String done
Event: 0.017 loading class java/lang/Class
Event: 0.017 loading class java/lang/reflect/AnnotatedElement
Event: 0.017 loading class java/lang/reflect/AnnotatedElement done
Event: 0.017 loading class java/lang/reflect/GenericDeclaration
Event: 0.017 loading class java/lang/reflect/GenericDeclaration done
Event: 0.017 loading class java/lang/reflect/Type
Event: 0.017 loading class java/lang/reflect/Type done
Event: 0.017 loading class java/lang/Class done


Dynamic libraries:
0x00007ff64aa40000 - 0x00007ff64aa77000 	C:\Program Files\Java\jre1.8.0_45\bin\javaw.exe
0x00007ff858810000 - 0x00007ff8589b9000 	C:\Windows\SYSTEM32\ntdll.dll
0x00007ff8560a0000 - 0x00007ff8561d9000 	C:\Windows\system32\KERNEL32.DLL
0x00007ff855cb0000 - 0x00007ff855dbe000 	C:\Windows\system32\KERNELBASE.dll
0x00007ff8547c0000 - 0x00007ff85484b000 	C:\Windows\system32\apphelp.dll
0x00007ff848b40000 - 0x00007ff848b8c000 	C:\Windows\AppPatch\AppPatch64\AcGenral.DLL
0x00007ff858760000 - 0x00007ff858807000 	C:\Windows\system32\msvcrt.dll
0x00007ff855960000 - 0x00007ff85598b000 	C:\Windows\SYSTEM32\SspiCli.dll
0x00007ff856250000 - 0x00007ff8562a1000 	C:\Windows\system32\SHLWAPI.dll
0x00007ff858460000 - 0x00007ff8585d1000 	C:\Windows\system32\USER32.dll
0x00007ff8585e0000 - 0x00007ff858756000 	C:\Windows\system32\ole32.dll
0x00007ff856bf0000 - 0x00007ff857fff000 	C:\Windows\system32\SHELL32.dll
0x00007ff8551a0000 - 0x00007ff8551bf000 	C:\Windows\SYSTEM32\USERENV.dll
0x00007ff856310000 - 0x00007ff8563b5000 	C:\Windows\system32\ADVAPI32.dll
0x00007ff849b50000 - 0x00007ff849b6b000 	C:\Windows\SYSTEM32\MPR.dll
0x00007ff858040000 - 0x00007ff858176000 	C:\Windows\system32\RPCRT4.dll
0x00007ff8568f0000 - 0x00007ff856947000 	C:\Windows\SYSTEM32\sechost.dll
0x00007ff856420000 - 0x00007ff8565f7000 	C:\Windows\SYSTEM32\combase.dll
0x00007ff856aa0000 - 0x00007ff856be5000 	C:\Windows\system32\GDI32.dll
0x00007ff855b90000 - 0x00007ff855ba4000 	C:\Windows\SYSTEM32\profapi.dll
0x00007ff854450000 - 0x00007ff8544f1000 	C:\Windows\SYSTEM32\SHCORE.dll
0x00007ff858000000 - 0x00007ff858034000 	C:\Windows\system32\IMM32.DLL
0x00007ff856600000 - 0x00007ff856738000 	C:\Windows\system32\MSCTF.dll
0x00007ff853c60000 - 0x00007ff853eba000 	C:\Windows\WinSxS\amd64_microsoft.windows.common-controls_6595b64144ccf1df_6.0.9600.16384_none_62475f7becb72503\COMCTL32.dll
0x0000000050200000 - 0x00000000502d2000 	C:\Program Files\Java\jre1.8.0_45\bin\msvcr100.dll
0x0000000077770000 - 0x0000000077ff3000 	C:\Program Files\Java\jre1.8.0_45\bin\server\jvm.dll
0x00007ff8512c0000 - 0x00007ff8512c9000 	C:\Windows\SYSTEM32\WSOCK32.dll
0x00007ff849a60000 - 0x00007ff849a7f000 	C:\Windows\SYSTEM32\WINMM.dll
0x00007ff84de20000 - 0x00007ff84de2a000 	C:\Windows\SYSTEM32\VERSION.dll
0x00007ff856740000 - 0x00007ff856747000 	C:\Windows\system32\PSAPI.DLL
0x00007ff8561f0000 - 0x00007ff856248000 	C:\Windows\system32\WS2_32.dll
0x00007ff849a30000 - 0x00007ff849a5a000 	C:\Windows\SYSTEM32\WINMMBASE.dll
0x00007ff858190000 - 0x00007ff858199000 	C:\Windows\system32\NSI.dll
0x00007ff855dc0000 - 0x00007ff855e0a000 	C:\Windows\SYSTEM32\cfgmgr32.dll
0x00007ff854a10000 - 0x00007ff854a36000 	C:\Windows\SYSTEM32\DEVOBJ.dll
0x00000000503a0000 - 0x00000000503af000 	C:\Program Files\Java\jre1.8.0_45\bin\verify.dll
0x0000000050370000 - 0x0000000050399000 	C:\Program Files\Java\jre1.8.0_45\bin\java.dll
0x0000000050350000 - 0x0000000050366000 	C:\Program Files\Java\jre1.8.0_45\bin\zip.dll
0x00007ff84c720000 - 0x00007ff84c8a8000 	C:\Windows\SYSTEM32\dbghelp.dll

VM Arguments:
jvm_args: -Dfile.encoding=Cp1252 -Xbootclasspath:C:\Users\user\Desktop\android\android-sdk-windows\platforms\android-22\android.jar 
java_command: MyJava
java_class_path (initial): C:\Users\user\Desktop\workspace\MydrawingTest\bin\classes;C:\Users\user\Desktop\workspace\MydrawingTest\libs\android-support-v4.jar;C:\Users\user\Desktop\workspace\appcompat_v7\libs\android-support-v7-appcompat.jar;C:\Users\user\Desktop\workspace\appcompat_v7\bin\appcompat_v7.jar
Launcher Type: SUN_STANDARD

Environment Variables:
PATH=C:/Program Files/Java/jre1.8.0_45/bin/server;C:/Program Files/Java/jre1.8.0_45/bin;C:/Program Files/Java/jre1.8.0_45/lib/amd64;C:\ProgramData\Oracle\Java\javapath;C:\Program Files (x86)\Intel\iCLS Client\;C:\Program Files\Intel\iCLS Client\;C:\Program Files (x86)\Common Files\ArcSoft\Bin;C:\Windows\system32;C:\Windows;C:\Windows\System32\Wbem;C:\Windows\System32\WindowsPowerShell\v1.0\;C:\Program Files (x86)\Intel\OpenCL SDK\3.0\bin\x86;C:\Program Files (x86)\Intel\OpenCL SDK\3.0\bin\x64;C:\Program Files\Intel\Intel(R) Management Engine Components\DAL;C:\Program Files\Intel\Intel(R) Management Engine Components\IPT;C:\Program Files (x86)\Intel\Intel(R) Management Engine Components\DAL;C:\Program Files (x86)\Intel\Intel(R) Management Engine Components\IPT;C:\Program Files\Java\jdk1.8.0_45\bin;C:\Program Files\MATLAB\R2013a\runtime\win64;C:\Program Files\MATLAB\R2013a\bin;C:\Users\user\Desktop\android\android-sdk-windows\platform-tools;C:\Users\user\Desktop\android\eclipse;
USERNAME=user
OS=Windows_NT
PROCESSOR_IDENTIFIER=Intel64 Family 6 Model 60 Stepping 3, GenuineIntel



---------------  S Y S T E M  ---------------

OS: Windows 8.1 , 64 bit Build 9600 (6.3.9600.16441)

CPU:total 4 (2 cores per cpu, 2 threads per core) family 6 model 60 stepping 3, cmov, cx8, fxsr, mmx, sse, sse2, sse3, ssse3, sse4.1, sse4.2, popcnt, avx, avx2, aes, clmul, erms, lzcnt, ht, tsc, tscinvbit, bmi1, bmi2

Memory: 4k page, physical 8286544k(6085816k free), swap 9597264k(6788408k free)

vm_info: Java HotSpot(TM) 64-Bit Server VM (25.45-b02) for windows-amd64 JRE (1.8.0_45-b15), built on Apr 30 2015 12:40:44 by "java_re" with MS VC++ 10.0 (VS2010)

time: Mon Nov 16 03:24:36 2015
elapsed time: 0 seconds (0d 0h 0m 0s)

