#
# A fatal error has been detected by the Java Runtime Environment:
#
#  Internal Error (javaClasses.cpp:127), pid=5648, tid=5932
#  fatal error: Invalid layout of preloaded class
#
# JRE version:  (8.0_45-b15) (build )
# Java VM: Java HotSpot(TM) 64-Bit Server VM (25.45-b02 mixed mode windows-amd64 compressed oops)
# Failed to write core dump. Minidumps are not enabled by default on client versions of Windows
#
# If you would like to submit a bug report, please visit:
#   http://bugreport.java.com/bugreport/crash.jsp
#

---------------  T H R E A D  ---------------

Current thread (0x00000000029de000):  JavaThread "Unknown thread" [_thread_in_vm, id=5932, stack(0x0000000002aa0000,0x0000000002ba0000)]

Stack: [0x0000000002aa0000,0x0000000002ba0000]
[error occurred during error reporting (printing stack bounds), id 0xc0000005]

Native frames: (J=compiled Java code, j=interpreted, Vv=VM code, C=native code)
V  [jvm.dll+0x32b57a]
V  [jvm.dll+0x279873]
V  [jvm.dll+0x27a509]
V  [jvm.dll+0x29aa24]
C  [KERNELBASE.dll+0xdcfc6]
C  [ntdll.dll+0xa6b14]
C  [ntdll.dll+0x8831f]
C  [ntdll.dll+0x9921d]
C  [ntdll.dll+0x55b5b]
C  [ntdll.dll+0x983de]
V  [jvm.dll+0x21bcd1]


---------------  P R O C E S S  ---------------

Java Threads: ( => current thread )

Other Threads:

=>0x00000000029de000 (exited) JavaThread "Unknown thread" [_thread_in_vm, id=5932, stack(0x0000000002aa0000,0x0000000002ba0000)]

VM state:not at safepoint (not fully initialized)

VM Mutex/Monitor currently owned by a thread: None

GC Heap History (0 events):
No events

Deoptimization events (0 events):
No events

Internal exceptions (0 events):
No events

Events (10 events):
Event: 0.104 loading class java/lang/CharSequence done
Event: 0.105 loading class java/lang/String done
Event: 0.105 loading class java/lang/Class
Event: 0.105 loading class java/lang/reflect/AnnotatedElement
Event: 0.105 loading class java/lang/reflect/AnnotatedElement done
Event: 0.105 loading class java/lang/reflect/GenericDeclaration
Event: 0.105 loading class java/lang/reflect/GenericDeclaration done
Event: 0.105 loading class java/lang/reflect/Type
Event: 0.105 loading class java/lang/reflect/Type done
Event: 0.105 loading class java/lang/Class done


Dynamic libraries:
0x00007ff694360000 - 0x00007ff694397000 	C:\Program Files\Java\jre1.8.0_45\bin\javaw.exe
0x00007ffd61b50000 - 0x00007ffd61cf9000 	C:\Windows\SYSTEM32\ntdll.dll
0x00007ffd61760000 - 0x00007ffd61899000 	C:\Windows\system32\KERNEL32.DLL
0x00007ffd5f2d0000 - 0x00007ffd5f3de000 	C:\Windows\system32\KERNELBASE.dll
0x00007ffd5db00000 - 0x00007ffd5db8b000 	C:\Windows\system32\apphelp.dll
0x00007ffd535d0000 - 0x00007ffd5361c000 	C:\Windows\AppPatch\AppPatch64\AcGenral.DLL
0x00007ffd5f5a0000 - 0x00007ffd5f647000 	C:\Windows\system32\msvcrt.dll
0x00007ffd5ed60000 - 0x00007ffd5ed8b000 	C:\Windows\SYSTEM32\SspiCli.dll
0x00007ffd60d60000 - 0x00007ffd60db1000 	C:\Windows\system32\SHLWAPI.dll
0x00007ffd5f3e0000 - 0x00007ffd5f551000 	C:\Windows\system32\USER32.dll
0x00007ffd612a0000 - 0x00007ffd61416000 	C:\Windows\system32\ole32.dll
0x00007ffd5f650000 - 0x00007ffd60a5f000 	C:\Windows\system32\SHELL32.dll
0x00007ffd5e560000 - 0x00007ffd5e57f000 	C:\Windows\SYSTEM32\USERENV.dll
0x00007ffd61420000 - 0x00007ffd614c5000 	C:\Windows\system32\ADVAPI32.dll
0x00007ffd55a00000 - 0x00007ffd55a1b000 	C:\Windows\SYSTEM32\MPR.dll
0x00007ffd60e50000 - 0x00007ffd60f86000 	C:\Windows\system32\RPCRT4.dll
0x00007ffd610f0000 - 0x00007ffd61147000 	C:\Windows\SYSTEM32\sechost.dll
0x00007ffd60b80000 - 0x00007ffd60d57000 	C:\Windows\SYSTEM32\combase.dll
0x00007ffd61150000 - 0x00007ffd61295000 	C:\Windows\system32\GDI32.dll
0x00007ffd5eed0000 - 0x00007ffd5eee4000 	C:\Windows\SYSTEM32\profapi.dll
0x00007ffd5d620000 - 0x00007ffd5d6c1000 	C:\Windows\SYSTEM32\SHCORE.dll
0x00007ffd5f560000 - 0x00007ffd5f594000 	C:\Windows\system32\IMM32.DLL
0x00007ffd60fa0000 - 0x00007ffd610d8000 	C:\Windows\system32\MSCTF.dll
0x00007ffd5ca40000 - 0x00007ffd5cc9a000 	C:\Windows\WinSxS\amd64_microsoft.windows.common-controls_6595b64144ccf1df_6.0.9600.16384_none_62475f7becb72503\COMCTL32.dll
0x000000005dc90000 - 0x000000005dd62000 	C:\Program Files\Java\jre1.8.0_45\bin\msvcr100.dll
0x000000005de40000 - 0x000000005e6c3000 	C:\Program Files\Java\jre1.8.0_45\bin\server\jvm.dll
0x00007ffd52780000 - 0x00007ffd52789000 	C:\Windows\SYSTEM32\WSOCK32.dll
0x00007ffd55d40000 - 0x00007ffd55d5f000 	C:\Windows\SYSTEM32\WINMM.dll
0x00007ffd569b0000 - 0x00007ffd569ba000 	C:\Windows\SYSTEM32\VERSION.dll
0x00007ffd61750000 - 0x00007ffd61757000 	C:\Windows\system32\PSAPI.DLL
0x00007ffd61950000 - 0x00007ffd619a8000 	C:\Windows\system32\WS2_32.dll
0x00007ffd55c90000 - 0x00007ffd55cba000 	C:\Windows\SYSTEM32\WINMMBASE.dll
0x00007ffd60dc0000 - 0x00007ffd60dc9000 	C:\Windows\system32\NSI.dll
0x00007ffd5f1d0000 - 0x00007ffd5f21a000 	C:\Windows\SYSTEM32\cfgmgr32.dll
0x00007ffd5dd60000 - 0x00007ffd5dd86000 	C:\Windows\SYSTEM32\DEVOBJ.dll
0x000000005de30000 - 0x000000005de3f000 	C:\Program Files\Java\jre1.8.0_45\bin\verify.dll
0x000000005de00000 - 0x000000005de29000 	C:\Program Files\Java\jre1.8.0_45\bin\java.dll
0x000000005dc50000 - 0x000000005dc85000 	C:\Program Files\Java\jre1.8.0_45\bin\jdwp.dll
0x000000005ea60000 - 0x000000005ea68000 	C:\Program Files\Java\jre1.8.0_45\bin\npt.dll
0x000000005dde0000 - 0x000000005ddf6000 	C:\Program Files\Java\jre1.8.0_45\bin\zip.dll
0x00007ffd56dd0000 - 0x00007ffd56f58000 	C:\Windows\SYSTEM32\dbghelp.dll

VM Arguments:
jvm_args: -agentlib:jdwp=transport=dt_socket,suspend=y,address=localhost:49640 -Dfile.encoding=Cp1252 -Xbootclasspath:C:\Users\user\Desktop\android\android-sdk-windows\platforms\android-22\android.jar 
java_command: Main
java_class_path (initial): C:\Users\user\Desktop\workspace\MydrawingTest\bin\classes;C:\Users\user\Desktop\workspace\MydrawingTest\libs\android-support-v4.jar;C:\Users\user\Desktop\workspace\appcompat_v7\libs\android-support-v7-appcompat.jar;C:\Users\user\Desktop\workspace\appcompat_v7\bin\appcompat_v7.jar
Launcher Type: SUN_STANDARD

Environment Variables:
PATH=C:/Program Files/Java/jre1.8.0_45/bin/server;C:/Program Files/Java/jre1.8.0_45/bin;C:/Program Files/Java/jre1.8.0_45/lib/amd64;C:\ProgramData\Oracle\Java\javapath;C:\Program Files (x86)\Intel\iCLS Client\;C:\Program Files\Intel\iCLS Client\;C:\Program Files (x86)\Common Files\ArcSoft\Bin;C:\Windows\system32;C:\Windows;C:\Windows\System32\Wbem;C:\Windows\System32\WindowsPowerShell\v1.0\;C:\Program Files (x86)\Intel\OpenCL SDK\3.0\bin\x86;C:\Program Files (x86)\Intel\OpenCL SDK\3.0\bin\x64;C:\Program Files\Intel\Intel(R) Management Engine Components\DAL;C:\Program Files\Intel\Intel(R) Management Engine Components\IPT;C:\Program Files (x86)\Intel\Intel(R) Management Engine Components\DAL;C:\Program Files (x86)\Intel\Intel(R) Management Engine Components\IPT;C:\Program Files\Java\jdk1.8.0_45\bin;C:\Program Files\MATLAB\R2013a\runtime\win64;C:\Program Files\MATLAB\R2013a\bin;C:\Users\user\Desktop\android\android-sdk-windows\platform-tools;C:\Program Files\Microsoft\Web Platform Installer\;C:\Program Files (x86)\Microsoft ASP.NET\ASP.NET Web Pages\v1.0\;C:\Program Files (x86)\Windows Kits\8.0\Windows Performance Toolkit\;C:\Program Files\Microsoft SQL Server\110\Tools\Binn\;C:\Users\user\Desktop\android\eclipse;
USERNAME=user
OS=Windows_NT
PROCESSOR_IDENTIFIER=Intel64 Family 6 Model 60 Stepping 3, GenuineIntel



---------------  S Y S T E M  ---------------

OS: Windows 8.1 , 64 bit Build 9600 (6.3.9600.16441)

CPU:total 4 (2 cores per cpu, 2 threads per core) family 6 model 60 stepping 3, cmov, cx8, fxsr, mmx, sse, sse2, sse3, ssse3, sse4.1, sse4.2, popcnt, avx, avx2, aes, clmul, erms, lzcnt, ht, tsc, tscinvbit, bmi1, bmi2

Memory: 4k page, physical 8286544k(4994016k free), swap 9597264k(4981388k free)

vm_info: Java HotSpot(TM) 64-Bit Server VM (25.45-b02) for windows-amd64 JRE (1.8.0_45-b15), built on Apr 30 2015 12:40:44 by "java_re" with MS VC++ 10.0 (VS2010)

time: Sat Dec 12 16:24:20 2015
elapsed time: 0 seconds (0d 0h 0m 0s)

